Analysis & Elaboration report for ultrasound_waves
Sat Jun 03 16:13:08 2023
Quartus Prime Version 18.1.0 Build 625 09/12/2018 SJ Standard Edition


---------------------
; Table of Contents ;
---------------------
  1. Legal Notice
  2. Analysis & Elaboration Summary
  3. Parallel Compilation
  4. Parameter Settings for User Entity Instance: hc_sr_driver:u_hc_sr_driver|hc_sr_echo:u_hc_sr_echo
  5. Parameter Settings for User Entity Instance: hc_sr_driver:u_hc_sr_driver|hc_sr_trig:u_hc_sr_trig
  6. Parameter Settings for User Entity Instance: hc_sr_driver:u_hc_sr_driver|clk_div:u_clk_div
  7. Parameter Settings for User Entity Instance: seg_driver:u_seg_driver
  8. Parameter Settings for User Entity Instance: beepled:u_beepled
  9. Analysis & Elaboration Settings
 10. Analysis & Elaboration Messages



----------------
; Legal Notice ;
----------------
Copyright (C) 2018  Intel Corporation. All rights reserved.
Your use of Intel Corporation's design tools, logic functions 
and other software and tools, and its AMPP partner logic 
functions, and any output files from any of the foregoing 
(including device programming or simulation files), and any 
associated documentation or information are expressly subject 
to the terms and conditions of the Intel Program License 
Subscription Agreement, the Intel Quartus Prime License Agreement,
the Intel FPGA IP License Agreement, or other applicable license
agreement, including, without limitation, that your use is for
the sole purpose of programming logic devices manufactured by
Intel and sold by Intel or its authorized distributors.  Please
refer to the applicable agreement for further details.



+--------------------------------------------------------------------------------------+
; Analysis & Elaboration Summary                                                       ;
+------------------------------------+-------------------------------------------------+
; Analysis & Elaboration Status      ; Successful - Sat Jun 03 16:13:08 2023           ;
; Quartus Prime Version              ; 18.1.0 Build 625 09/12/2018 SJ Standard Edition ;
; Revision Name                      ; ultrasound_waves                                ;
; Top-level Entity Name              ; hc_sr_top                                       ;
; Family                             ; Cyclone IV E                                    ;
; Total logic elements               ; N/A until Partition Merge                       ;
;     Total combinational functions  ; N/A until Partition Merge                       ;
;     Dedicated logic registers      ; N/A until Partition Merge                       ;
; Total registers                    ; N/A until Partition Merge                       ;
; Total pins                         ; N/A until Partition Merge                       ;
; Total virtual pins                 ; N/A until Partition Merge                       ;
; Total memory bits                  ; N/A until Partition Merge                       ;
; Embedded Multiplier 9-bit elements ; N/A until Partition Merge                       ;
; Total PLLs                         ; N/A until Partition Merge                       ;
+------------------------------------+-------------------------------------------------+


+------------------------------------------+
; Parallel Compilation                     ;
+----------------------------+-------------+
; Processors                 ; Number      ;
+----------------------------+-------------+
; Number detected on machine ; 16          ;
; Maximum allowed            ; 8           ;
;                            ;             ;
; Average used               ; 1.00        ;
; Maximum used               ; 1           ;
;                            ;             ;
; Usage by Processor         ; % Time Used ;
;     Processor 1            ; 100.0%      ;
+----------------------------+-------------+


+--------------------------------------------------------------------------------------------------+
; Parameter Settings for User Entity Instance: hc_sr_driver:u_hc_sr_driver|hc_sr_echo:u_hc_sr_echo ;
+----------------+------------------+--------------------------------------------------------------+
; Parameter Name ; Value            ; Type                                                         ;
+----------------+------------------+--------------------------------------------------------------+
; T_MAX          ; 1110101001100000 ; Unsigned Binary                                              ;
+----------------+------------------+--------------------------------------------------------------+
Note: In order to hide this table in the UI and the text report file, please set the "Show Parameter Settings in Synthesis Report" option in "Analysis and Synthesis Settings -> More Settings" to "Off".


+--------------------------------------------------------------------------------------------------+
; Parameter Settings for User Entity Instance: hc_sr_driver:u_hc_sr_driver|hc_sr_trig:u_hc_sr_trig ;
+----------------+---------------------+-----------------------------------------------------------+
; Parameter Name ; Value               ; Type                                                      ;
+----------------+---------------------+-----------------------------------------------------------+
; CYCLE_MAX      ; 1001001001111100000 ; Unsigned Binary                                           ;
+----------------+---------------------+-----------------------------------------------------------+
Note: In order to hide this table in the UI and the text report file, please set the "Show Parameter Settings in Synthesis Report" option in "Analysis and Synthesis Settings -> More Settings" to "Off".


+--------------------------------------------------------------------------------------------+
; Parameter Settings for User Entity Instance: hc_sr_driver:u_hc_sr_driver|clk_div:u_clk_div ;
+----------------+---------------------+-----------------------------------------------------+
; Parameter Name ; Value               ; Type                                                ;
+----------------+---------------------+-----------------------------------------------------+
; CNT_MAX        ; 0000000000000110010 ; Unsigned Binary                                     ;
+----------------+---------------------+-----------------------------------------------------+
Note: In order to hide this table in the UI and the text report file, please set the "Show Parameter Settings in Synthesis Report" option in "Analysis and Synthesis Settings -> More Settings" to "Off".


+----------------------------------------------------------------------+
; Parameter Settings for User Entity Instance: seg_driver:u_seg_driver ;
+----------------+------------+----------------------------------------+
; Parameter Name ; Value      ; Type                                   ;
+----------------+------------+----------------------------------------+
; NOTION         ; 1010       ; Unsigned Binary                        ;
; FUSHU          ; 1011       ; Unsigned Binary                        ;
; MAX20us        ; 1111101000 ; Unsigned Binary                        ;
+----------------+------------+----------------------------------------+
Note: In order to hide this table in the UI and the text report file, please set the "Show Parameter Settings in Synthesis Report" option in "Analysis and Synthesis Settings -> More Settings" to "Off".


+----------------------------------------------------------------+
; Parameter Settings for User Entity Instance: beepled:u_beepled ;
+----------------+----------------------------+------------------+
; Parameter Name ; Value                      ; Type             ;
+----------------+----------------------------+------------------+
; MAX1S          ; 01011111010111100001000000 ; Unsigned Binary  ;
; MAX1_2S        ; 00101111101011110000100000 ; Unsigned Binary  ;
+----------------+----------------------------+------------------+
Note: In order to hide this table in the UI and the text report file, please set the "Show Parameter Settings in Synthesis Report" option in "Analysis and Synthesis Settings -> More Settings" to "Off".


+------------------------------------------------------------------------------------------------------------+
; Analysis & Elaboration Settings                                                                            ;
+------------------------------------------------------------------+--------------------+--------------------+
; Option                                                           ; Setting            ; Default Value      ;
+------------------------------------------------------------------+--------------------+--------------------+
; Device                                                           ; EP4CE115F29C7      ;                    ;
; Top-level entity name                                            ; hc_sr_top          ; ultrasound_waves   ;
; Family name                                                      ; Cyclone IV E       ; Cyclone V          ;
; Use smart compilation                                            ; Off                ; Off                ;
; Enable parallel Assembler and Timing Analyzer during compilation ; On                 ; On                 ;
; Enable compact report table                                      ; Off                ; Off                ;
; Restructure Multiplexers                                         ; Auto               ; Auto               ;
; Create Debugging Nodes for IP Cores                              ; Off                ; Off                ;
; Preserve fewer node names                                        ; On                 ; On                 ;
; Intel FPGA IP Evaluation Mode                                    ; Enable             ; Enable             ;
; Verilog Version                                                  ; Verilog_2001       ; Verilog_2001       ;
; VHDL Version                                                     ; VHDL_1993          ; VHDL_1993          ;
; State Machine Processing                                         ; Auto               ; Auto               ;
; Safe State Machine                                               ; Off                ; Off                ;
; Extract Verilog State Machines                                   ; On                 ; On                 ;
; Extract VHDL State Machines                                      ; On                 ; On                 ;
; Ignore Verilog initial constructs                                ; Off                ; Off                ;
; Iteration limit for constant Verilog loops                       ; 5000               ; 5000               ;
; Iteration limit for non-constant Verilog loops                   ; 250                ; 250                ;
; Add Pass-Through Logic to Inferred RAMs                          ; On                 ; On                 ;
; Infer RAMs from Raw Logic                                        ; On                 ; On                 ;
; Parallel Synthesis                                               ; On                 ; On                 ;
; DSP Block Balancing                                              ; Auto               ; Auto               ;
; NOT Gate Push-Back                                               ; On                 ; On                 ;
; Power-Up Don't Care                                              ; On                 ; On                 ;
; Remove Redundant Logic Cells                                     ; Off                ; Off                ;
; Remove Duplicate Registers                                       ; On                 ; On                 ;
; Ignore CARRY Buffers                                             ; Off                ; Off                ;
; Ignore CASCADE Buffers                                           ; Off                ; Off                ;
; Ignore GLOBAL Buffers                                            ; Off                ; Off                ;
; Ignore ROW GLOBAL Buffers                                        ; Off                ; Off                ;
; Ignore LCELL Buffers                                             ; Off                ; Off                ;
; Ignore SOFT Buffers                                              ; On                 ; On                 ;
; Limit AHDL Integers to 32 Bits                                   ; Off                ; Off                ;
; Optimization Technique                                           ; Balanced           ; Balanced           ;
; Carry Chain Length                                               ; 70                 ; 70                 ;
; Auto Carry Chains                                                ; On                 ; On                 ;
; Auto Open-Drain Pins                                             ; On                 ; On                 ;
; Perform WYSIWYG Primitive Resynthesis                            ; Off                ; Off                ;
; Auto ROM Replacement                                             ; On                 ; On                 ;
; Auto RAM Replacement                                             ; On                 ; On                 ;
; Auto DSP Block Replacement                                       ; On                 ; On                 ;
; Auto Shift Register Replacement                                  ; Auto               ; Auto               ;
; Allow Shift Register Merging across Hierarchies                  ; Auto               ; Auto               ;
; Auto Clock Enable Replacement                                    ; On                 ; On                 ;
; Strict RAM Replacement                                           ; Off                ; Off                ;
; Allow Synchronous Control Signals                                ; On                 ; On                 ;
; Force Use of Synchronous Clear Signals                           ; Off                ; Off                ;
; Auto RAM Block Balancing                                         ; On                 ; On                 ;
; Auto RAM to Logic Cell Conversion                                ; Off                ; Off                ;
; Auto Resource Sharing                                            ; Off                ; Off                ;
; Allow Any RAM Size For Recognition                               ; Off                ; Off                ;
; Allow Any ROM Size For Recognition                               ; Off                ; Off                ;
; Allow Any Shift Register Size For Recognition                    ; Off                ; Off                ;
; Use LogicLock Constraints during Resource Balancing              ; On                 ; On                 ;
; Ignore translate_off and synthesis_off directives                ; Off                ; Off                ;
; Timing-Driven Synthesis                                          ; On                 ; On                 ;
; Report Parameter Settings                                        ; On                 ; On                 ;
; Report Source Assignments                                        ; On                 ; On                 ;
; Report Connectivity Checks                                       ; On                 ; On                 ;
; Ignore Maximum Fan-Out Assignments                               ; Off                ; Off                ;
; Synchronization Register Chain Length                            ; 2                  ; 2                  ;
; Power Optimization During Synthesis                              ; Normal compilation ; Normal compilation ;
; HDL message level                                                ; Level2             ; Level2             ;
; Suppress Register Optimization Related Messages                  ; Off                ; Off                ;
; Number of Removed Registers Reported in Synthesis Report         ; 5000               ; 5000               ;
; Number of Swept Nodes Reported in Synthesis Report               ; 5000               ; 5000               ;
; Number of Inverted Registers Reported in Synthesis Report        ; 100                ; 100                ;
; Clock MUX Protection                                             ; On                 ; On                 ;
; Auto Gated Clock Conversion                                      ; Off                ; Off                ;
; Block Design Naming                                              ; Auto               ; Auto               ;
; SDC constraint protection                                        ; Off                ; Off                ;
; Synthesis Effort                                                 ; Auto               ; Auto               ;
; Shift Register Replacement - Allow Asynchronous Clear Signal     ; On                 ; On                 ;
; Pre-Mapping Resynthesis Optimization                             ; Off                ; Off                ;
; Analysis & Synthesis Message Level                               ; Medium             ; Medium             ;
; Disable Register Merging Across Hierarchies                      ; Auto               ; Auto               ;
; Resource Aware Inference For Block RAM                           ; On                 ; On                 ;
+------------------------------------------------------------------+--------------------+--------------------+


+---------------------------------+
; Analysis & Elaboration Messages ;
+---------------------------------+
Info: *******************************************************************
Info: Running Quartus Prime Analysis & Elaboration
    Info: Version 18.1.0 Build 625 09/12/2018 SJ Standard Edition
    Info: Processing started: Sat Jun 03 16:12:59 2023
Info: Command: quartus_map --read_settings_files=on --write_settings_files=off ultrasound_waves -c ultrasound_waves --analysis_and_elaboration
Warning (18236): Number of processors has not been specified which may cause overloading on shared machines.  Set the global assignment NUM_PARALLEL_PROCESSORS in your QSF to an appropriate value for best performance.
Info (20030): Parallel compilation is enabled and will use 8 of the 8 processors detected
Info (12021): Found 1 design units, including 1 entities, in source file /user/desktop/ultrasound_waves/rtl/beepled.v
    Info (12023): Found entity 1: beepled File: F:/User/Desktop/ultrasound_waves/rtl/beepled.v Line: 11
Info (12021): Found 1 design units, including 1 entities, in source file /user/desktop/ultrasound_waves/rtl/seg_driver.v
    Info (12023): Found entity 1: seg_driver File: F:/User/Desktop/ultrasound_waves/rtl/seg_driver.v Line: 11
Info (12021): Found 1 design units, including 1 entities, in source file /user/desktop/ultrasound_waves/rtl/hc_sr_trig.v
    Info (12023): Found entity 1: hc_sr_trig File: F:/User/Desktop/ultrasound_waves/rtl/hc_sr_trig.v Line: 11
Info (12021): Found 1 design units, including 1 entities, in source file /user/desktop/ultrasound_waves/rtl/hc_sr_top.v
    Info (12023): Found entity 1: hc_sr_top File: F:/User/Desktop/ultrasound_waves/rtl/hc_sr_top.v Line: 11
Info (12021): Found 1 design units, including 1 entities, in source file /user/desktop/ultrasound_waves/rtl/hc_sr_echo.v
    Info (12023): Found entity 1: hc_sr_echo File: F:/User/Desktop/ultrasound_waves/rtl/hc_sr_echo.v Line: 11
Info (12021): Found 1 design units, including 1 entities, in source file /user/desktop/ultrasound_waves/rtl/hc_sr_driver.v
    Info (12023): Found entity 1: hc_sr_driver File: F:/User/Desktop/ultrasound_waves/rtl/hc_sr_driver.v Line: 11
Info (12021): Found 1 design units, including 1 entities, in source file /user/desktop/ultrasound_waves/rtl/clk_div.v
    Info (12023): Found entity 1: clk_div File: F:/User/Desktop/ultrasound_waves/rtl/clk_div.v Line: 11
Info (12127): Elaborating entity "hc_sr_top" for the top level hierarchy
Info (12128): Elaborating entity "hc_sr_driver" for hierarchy "hc_sr_driver:u_hc_sr_driver" File: F:/User/Desktop/ultrasound_waves/rtl/hc_sr_top.v Line: 38
Info (12128): Elaborating entity "hc_sr_echo" for hierarchy "hc_sr_driver:u_hc_sr_driver|hc_sr_echo:u_hc_sr_echo" File: F:/User/Desktop/ultrasound_waves/rtl/hc_sr_driver.v Line: 30
Warning (10036): Verilog HDL or VHDL warning at hc_sr_echo.v(25): object "echo_pos" assigned a value but never read File: F:/User/Desktop/ultrasound_waves/rtl/hc_sr_echo.v Line: 25
Info (12128): Elaborating entity "hc_sr_trig" for hierarchy "hc_sr_driver:u_hc_sr_driver|hc_sr_trig:u_hc_sr_trig" File: F:/User/Desktop/ultrasound_waves/rtl/hc_sr_driver.v Line: 37
Info (12128): Elaborating entity "clk_div" for hierarchy "hc_sr_driver:u_hc_sr_driver|clk_div:u_clk_div" File: F:/User/Desktop/ultrasound_waves/rtl/hc_sr_driver.v Line: 44
Info (12128): Elaborating entity "seg_driver" for hierarchy "seg_driver:u_seg_driver" File: F:/User/Desktop/ultrasound_waves/rtl/hc_sr_top.v Line: 53
Warning (10230): Verilog HDL assignment warning at seg_driver.v(76): truncated value with size 32 to match size of target (4) File: F:/User/Desktop/ultrasound_waves/rtl/seg_driver.v Line: 76
Warning (10230): Verilog HDL assignment warning at seg_driver.v(77): truncated value with size 32 to match size of target (4) File: F:/User/Desktop/ultrasound_waves/rtl/seg_driver.v Line: 77
Warning (10230): Verilog HDL assignment warning at seg_driver.v(78): truncated value with size 32 to match size of target (4) File: F:/User/Desktop/ultrasound_waves/rtl/seg_driver.v Line: 78
Warning (10230): Verilog HDL assignment warning at seg_driver.v(80): truncated value with size 32 to match size of target (4) File: F:/User/Desktop/ultrasound_waves/rtl/seg_driver.v Line: 80
Warning (10230): Verilog HDL assignment warning at seg_driver.v(81): truncated value with size 32 to match size of target (4) File: F:/User/Desktop/ultrasound_waves/rtl/seg_driver.v Line: 81
Warning (10230): Verilog HDL assignment warning at seg_driver.v(82): truncated value with size 32 to match size of target (4) File: F:/User/Desktop/ultrasound_waves/rtl/seg_driver.v Line: 82
Warning (10240): Verilog HDL Always Construct warning at seg_driver.v(107): inferring latch(es) for variable "hex1_r", which holds its previous value in one or more paths through the always construct File: F:/User/Desktop/ultrasound_waves/rtl/seg_driver.v Line: 107
Warning (10240): Verilog HDL Always Construct warning at seg_driver.v(107): inferring latch(es) for variable "hex2_r", which holds its previous value in one or more paths through the always construct File: F:/User/Desktop/ultrasound_waves/rtl/seg_driver.v Line: 107
Warning (10240): Verilog HDL Always Construct warning at seg_driver.v(107): inferring latch(es) for variable "hex3_r", which holds its previous value in one or more paths through the always construct File: F:/User/Desktop/ultrasound_waves/rtl/seg_driver.v Line: 107
Warning (10240): Verilog HDL Always Construct warning at seg_driver.v(107): inferring latch(es) for variable "hex4_r", which holds its previous value in one or more paths through the always construct File: F:/User/Desktop/ultrasound_waves/rtl/seg_driver.v Line: 107
Warning (10240): Verilog HDL Always Construct warning at seg_driver.v(107): inferring latch(es) for variable "hex5_r", which holds its previous value in one or more paths through the always construct File: F:/User/Desktop/ultrasound_waves/rtl/seg_driver.v Line: 107
Warning (10240): Verilog HDL Always Construct warning at seg_driver.v(107): inferring latch(es) for variable "hex6_r", which holds its previous value in one or more paths through the always construct File: F:/User/Desktop/ultrasound_waves/rtl/seg_driver.v Line: 107
Warning (10240): Verilog HDL Always Construct warning at seg_driver.v(107): inferring latch(es) for variable "hex7_r", which holds its previous value in one or more paths through the always construct File: F:/User/Desktop/ultrasound_waves/rtl/seg_driver.v Line: 107
Warning (10240): Verilog HDL Always Construct warning at seg_driver.v(107): inferring latch(es) for variable "hex8_r", which holds its previous value in one or more paths through the always construct File: F:/User/Desktop/ultrasound_waves/rtl/seg_driver.v Line: 107
Info (10041): Inferred latch for "hex8_r[0]" at seg_driver.v(107) File: F:/User/Desktop/ultrasound_waves/rtl/seg_driver.v Line: 107
Info (10041): Inferred latch for "hex8_r[1]" at seg_driver.v(107) File: F:/User/Desktop/ultrasound_waves/rtl/seg_driver.v Line: 107
Info (10041): Inferred latch for "hex8_r[2]" at seg_driver.v(107) File: F:/User/Desktop/ultrasound_waves/rtl/seg_driver.v Line: 107
Info (10041): Inferred latch for "hex8_r[3]" at seg_driver.v(107) File: F:/User/Desktop/ultrasound_waves/rtl/seg_driver.v Line: 107
Info (10041): Inferred latch for "hex8_r[4]" at seg_driver.v(107) File: F:/User/Desktop/ultrasound_waves/rtl/seg_driver.v Line: 107
Info (10041): Inferred latch for "hex8_r[5]" at seg_driver.v(107) File: F:/User/Desktop/ultrasound_waves/rtl/seg_driver.v Line: 107
Info (10041): Inferred latch for "hex8_r[6]" at seg_driver.v(107) File: F:/User/Desktop/ultrasound_waves/rtl/seg_driver.v Line: 107
Info (10041): Inferred latch for "hex7_r[0]" at seg_driver.v(107) File: F:/User/Desktop/ultrasound_waves/rtl/seg_driver.v Line: 107
Info (10041): Inferred latch for "hex7_r[1]" at seg_driver.v(107) File: F:/User/Desktop/ultrasound_waves/rtl/seg_driver.v Line: 107
Info (10041): Inferred latch for "hex7_r[2]" at seg_driver.v(107) File: F:/User/Desktop/ultrasound_waves/rtl/seg_driver.v Line: 107
Info (10041): Inferred latch for "hex7_r[3]" at seg_driver.v(107) File: F:/User/Desktop/ultrasound_waves/rtl/seg_driver.v Line: 107
Info (10041): Inferred latch for "hex7_r[4]" at seg_driver.v(107) File: F:/User/Desktop/ultrasound_waves/rtl/seg_driver.v Line: 107
Info (10041): Inferred latch for "hex7_r[5]" at seg_driver.v(107) File: F:/User/Desktop/ultrasound_waves/rtl/seg_driver.v Line: 107
Info (10041): Inferred latch for "hex7_r[6]" at seg_driver.v(107) File: F:/User/Desktop/ultrasound_waves/rtl/seg_driver.v Line: 107
Info (10041): Inferred latch for "hex6_r[0]" at seg_driver.v(107) File: F:/User/Desktop/ultrasound_waves/rtl/seg_driver.v Line: 107
Info (10041): Inferred latch for "hex6_r[1]" at seg_driver.v(107) File: F:/User/Desktop/ultrasound_waves/rtl/seg_driver.v Line: 107
Info (10041): Inferred latch for "hex6_r[2]" at seg_driver.v(107) File: F:/User/Desktop/ultrasound_waves/rtl/seg_driver.v Line: 107
Info (10041): Inferred latch for "hex6_r[3]" at seg_driver.v(107) File: F:/User/Desktop/ultrasound_waves/rtl/seg_driver.v Line: 107
Info (10041): Inferred latch for "hex6_r[4]" at seg_driver.v(107) File: F:/User/Desktop/ultrasound_waves/rtl/seg_driver.v Line: 107
Info (10041): Inferred latch for "hex6_r[5]" at seg_driver.v(107) File: F:/User/Desktop/ultrasound_waves/rtl/seg_driver.v Line: 107
Info (10041): Inferred latch for "hex6_r[6]" at seg_driver.v(107) File: F:/User/Desktop/ultrasound_waves/rtl/seg_driver.v Line: 107
Info (10041): Inferred latch for "hex5_r[0]" at seg_driver.v(107) File: F:/User/Desktop/ultrasound_waves/rtl/seg_driver.v Line: 107
Info (10041): Inferred latch for "hex5_r[1]" at seg_driver.v(107) File: F:/User/Desktop/ultrasound_waves/rtl/seg_driver.v Line: 107
Info (10041): Inferred latch for "hex5_r[2]" at seg_driver.v(107) File: F:/User/Desktop/ultrasound_waves/rtl/seg_driver.v Line: 107
Info (10041): Inferred latch for "hex5_r[3]" at seg_driver.v(107) File: F:/User/Desktop/ultrasound_waves/rtl/seg_driver.v Line: 107
Info (10041): Inferred latch for "hex5_r[4]" at seg_driver.v(107) File: F:/User/Desktop/ultrasound_waves/rtl/seg_driver.v Line: 107
Info (10041): Inferred latch for "hex5_r[5]" at seg_driver.v(107) File: F:/User/Desktop/ultrasound_waves/rtl/seg_driver.v Line: 107
Info (10041): Inferred latch for "hex5_r[6]" at seg_driver.v(107) File: F:/User/Desktop/ultrasound_waves/rtl/seg_driver.v Line: 107
Info (10041): Inferred latch for "hex4_r[0]" at seg_driver.v(107) File: F:/User/Desktop/ultrasound_waves/rtl/seg_driver.v Line: 107
Info (10041): Inferred latch for "hex4_r[1]" at seg_driver.v(107) File: F:/User/Desktop/ultrasound_waves/rtl/seg_driver.v Line: 107
Info (10041): Inferred latch for "hex4_r[2]" at seg_driver.v(107) File: F:/User/Desktop/ultrasound_waves/rtl/seg_driver.v Line: 107
Info (10041): Inferred latch for "hex4_r[3]" at seg_driver.v(107) File: F:/User/Desktop/ultrasound_waves/rtl/seg_driver.v Line: 107
Info (10041): Inferred latch for "hex4_r[4]" at seg_driver.v(107) File: F:/User/Desktop/ultrasound_waves/rtl/seg_driver.v Line: 107
Info (10041): Inferred latch for "hex4_r[5]" at seg_driver.v(107) File: F:/User/Desktop/ultrasound_waves/rtl/seg_driver.v Line: 107
Info (10041): Inferred latch for "hex4_r[6]" at seg_driver.v(107) File: F:/User/Desktop/ultrasound_waves/rtl/seg_driver.v Line: 107
Info (10041): Inferred latch for "hex3_r[0]" at seg_driver.v(107) File: F:/User/Desktop/ultrasound_waves/rtl/seg_driver.v Line: 107
Info (10041): Inferred latch for "hex3_r[1]" at seg_driver.v(107) File: F:/User/Desktop/ultrasound_waves/rtl/seg_driver.v Line: 107
Info (10041): Inferred latch for "hex3_r[2]" at seg_driver.v(107) File: F:/User/Desktop/ultrasound_waves/rtl/seg_driver.v Line: 107
Info (10041): Inferred latch for "hex3_r[3]" at seg_driver.v(107) File: F:/User/Desktop/ultrasound_waves/rtl/seg_driver.v Line: 107
Info (10041): Inferred latch for "hex3_r[4]" at seg_driver.v(107) File: F:/User/Desktop/ultrasound_waves/rtl/seg_driver.v Line: 107
Info (10041): Inferred latch for "hex3_r[5]" at seg_driver.v(107) File: F:/User/Desktop/ultrasound_waves/rtl/seg_driver.v Line: 107
Info (10041): Inferred latch for "hex3_r[6]" at seg_driver.v(107) File: F:/User/Desktop/ultrasound_waves/rtl/seg_driver.v Line: 107
Info (10041): Inferred latch for "hex2_r[0]" at seg_driver.v(107) File: F:/User/Desktop/ultrasound_waves/rtl/seg_driver.v Line: 107
Info (10041): Inferred latch for "hex2_r[1]" at seg_driver.v(107) File: F:/User/Desktop/ultrasound_waves/rtl/seg_driver.v Line: 107
Info (10041): Inferred latch for "hex2_r[2]" at seg_driver.v(107) File: F:/User/Desktop/ultrasound_waves/rtl/seg_driver.v Line: 107
Info (10041): Inferred latch for "hex2_r[3]" at seg_driver.v(107) File: F:/User/Desktop/ultrasound_waves/rtl/seg_driver.v Line: 107
Info (10041): Inferred latch for "hex2_r[4]" at seg_driver.v(107) File: F:/User/Desktop/ultrasound_waves/rtl/seg_driver.v Line: 107
Info (10041): Inferred latch for "hex2_r[5]" at seg_driver.v(107) File: F:/User/Desktop/ultrasound_waves/rtl/seg_driver.v Line: 107
Info (10041): Inferred latch for "hex2_r[6]" at seg_driver.v(107) File: F:/User/Desktop/ultrasound_waves/rtl/seg_driver.v Line: 107
Info (10041): Inferred latch for "hex1_r[0]" at seg_driver.v(107) File: F:/User/Desktop/ultrasound_waves/rtl/seg_driver.v Line: 107
Info (10041): Inferred latch for "hex1_r[1]" at seg_driver.v(107) File: F:/User/Desktop/ultrasound_waves/rtl/seg_driver.v Line: 107
Info (10041): Inferred latch for "hex1_r[2]" at seg_driver.v(107) File: F:/User/Desktop/ultrasound_waves/rtl/seg_driver.v Line: 107
Info (10041): Inferred latch for "hex1_r[3]" at seg_driver.v(107) File: F:/User/Desktop/ultrasound_waves/rtl/seg_driver.v Line: 107
Info (10041): Inferred latch for "hex1_r[4]" at seg_driver.v(107) File: F:/User/Desktop/ultrasound_waves/rtl/seg_driver.v Line: 107
Info (10041): Inferred latch for "hex1_r[5]" at seg_driver.v(107) File: F:/User/Desktop/ultrasound_waves/rtl/seg_driver.v Line: 107
Info (10041): Inferred latch for "hex1_r[6]" at seg_driver.v(107) File: F:/User/Desktop/ultrasound_waves/rtl/seg_driver.v Line: 107
Info (12128): Elaborating entity "beepled" for hierarchy "beepled:u_beepled" File: F:/User/Desktop/ultrasound_waves/rtl/hc_sr_top.v Line: 61
Info: Quartus Prime Analysis & Elaboration was successful. 0 errors, 16 warnings
    Info: Peak virtual memory: 4715 megabytes
    Info: Processing ended: Sat Jun 03 16:13:08 2023
    Info: Elapsed time: 00:00:09
    Info: Total CPU time (on all processors): 00:00:20


